C:\Users\AA\Desktop\遥感图像处理实践2018\rsdiplib\package_support\nrcLib\Debug\cl.command.1.tlog
C:\Users\AA\Desktop\遥感图像处理实践2018\rsdiplib\package_support\nrcLib\Debug\CL.read.1.tlog
C:\Users\AA\Desktop\遥感图像处理实践2018\rsdiplib\package_support\nrcLib\Debug\CL.write.1.tlog
C:\USERS\AA\DESKTOP\遥感图像处理实践2018\RSDIPLIB\PACKAGE_SUPPORT\NRCLIB\DEBUG\JACOBI.OBJ
C:\Users\AA\Desktop\遥感图像处理实践2018\rsdiplib\package_support\nrcLib\Debug\link.6548.read.1.tlog
C:\Users\AA\Desktop\遥感图像处理实践2018\rsdiplib\package_support\nrcLib\Debug\link.6548.write.1.tlog
C:\Users\AA\Desktop\遥感图像处理实践2018\rsdiplib\package_support\nrcLib\Debug\link.6548-cvtres.read.1.tlog
C:\Users\AA\Desktop\遥感图像处理实践2018\rsdiplib\package_support\nrcLib\Debug\link.6548-cvtres.write.1.tlog
C:\Users\AA\Desktop\遥感图像处理实践2018\rsdiplib\package_support\nrcLib\Debug\link.command.1.tlog
C:\Users\AA\Desktop\遥感图像处理实践2018\rsdiplib\package_support\nrcLib\Debug\link.read.1.tlog
C:\Users\AA\Desktop\遥感图像处理实践2018\rsdiplib\package_support\nrcLib\Debug\link.write.1.tlog
C:\Users\AA\Desktop\遥感图像处理实践2018\rsdiplib\package_support\nrcLib\Debug\link-cvtres.read.1.tlog
C:\Users\AA\Desktop\遥感图像处理实践2018\rsdiplib\package_support\nrcLib\Debug\link-cvtres.write.1.tlog
C:\Users\AA\Desktop\遥感图像处理实践2018\rsdiplib\package_support\nrcLib\Debug\mt.command.1.tlog
C:\Users\AA\Desktop\遥感图像处理实践2018\rsdiplib\package_support\nrcLib\Debug\mt.read.1.tlog
C:\Users\AA\Desktop\遥感图像处理实践2018\rsdiplib\package_support\nrcLib\Debug\mt.write.1.tlog
C:\USERS\AA\DESKTOP\遥感图像处理实践2018\RSDIPLIB\PACKAGE_SUPPORT\NRCLIB\DEBUG\NRCLIB.DLL.EMBED.MANIFEST
C:\USERS\AA\DESKTOP\遥感图像处理实践2018\RSDIPLIB\PACKAGE_SUPPORT\NRCLIB\DEBUG\NRCLIB.DLL.EMBED.MANIFEST.RES
C:\USERS\AA\DESKTOP\遥感图像处理实践2018\RSDIPLIB\PACKAGE_SUPPORT\NRCLIB\DEBUG\NRCLIB.DLL.INTERMEDIATE.MANIFEST
C:\USERS\AA\DESKTOP\遥感图像处理实践2018\RSDIPLIB\PACKAGE_SUPPORT\NRCLIB\DEBUG\NRCLIB.OBJ
C:\USERS\AA\DESKTOP\遥感图像处理实践2018\RSDIPLIB\PACKAGE_SUPPORT\NRCLIB\DEBUG\NRCLIB.PDB
C:\Users\AA\Desktop\遥感图像处理实践2018\rsdiplib\package_support\nrcLib\Debug\nrcLib.write.1.tlog
C:\Users\AA\Desktop\遥感图像处理实践2018\rsdiplib\package_support\nrcLib\Debug\nrcLib_manifest.rc
C:\Users\AA\Desktop\遥感图像处理实践2018\rsdiplib\package_support\nrcLib\Debug\nrcLib6.vcxprojResolveAssemblyReference.cache
C:\USERS\AA\DESKTOP\遥感图像处理实践2018\RSDIPLIB\PACKAGE_SUPPORT\NRCLIB\DEBUG\NRCLIBD.DLL
C:\Users\AA\Desktop\遥感图像处理实践2018\rsdiplib\package_support\nrcLib\Debug\nrcLibD.exp
C:\USERS\AA\DESKTOP\遥感图像处理实践2018\RSDIPLIB\PACKAGE_SUPPORT\NRCLIB\DEBUG\NRCLIBD.ILK
C:\Users\AA\Desktop\遥感图像处理实践2018\rsdiplib\package_support\nrcLib\Debug\nrcLibD.lib
C:\USERS\AA\DESKTOP\遥感图像处理实践2018\RSDIPLIB\PACKAGE_SUPPORT\NRCLIB\DEBUG\NRUTIL.OBJ
C:\Users\AA\Desktop\遥感图像处理实践2018\rsdiplib\package_support\nrcLib\Debug\rc.command.1.tlog
C:\Users\AA\Desktop\遥感图像处理实践2018\rsdiplib\package_support\nrcLib\Debug\rc.read.1.tlog
C:\Users\AA\Desktop\遥感图像处理实践2018\rsdiplib\package_support\nrcLib\Debug\rc.write.1.tlog
C:\USERS\AA\DESKTOP\遥感图像处理实践2018\RSDIPLIB\PACKAGE_SUPPORT\NRCLIB\DEBUG\STDAFX.OBJ
C:\Users\AA\Desktop\遥感图像处理实践2018\rsdiplib\package_support\nrcLib\Debug\vc100.idb
C:\USERS\AA\DESKTOP\遥感图像处理实践2018\RSDIPLIB\PACKAGE_SUPPORT\NRCLIB\DEBUG\VC100.PDB
Debug\nrcLib.pdb
